22:29:45.002 [main] DEBUG com.intuit.karate.Suite - [config] classpath:karate-config.js
22:29:45.015 [main] DEBUG com.intuit.karate.Suite - waiting for 5 features to complete
22:29:45.995 [pool-2-thread-4] INFO  com.intuit.karate - karate.env system property was: null 
22:29:45.995 [pool-2-thread-1] INFO  com.intuit.karate - karate.env system property was: null 
22:29:45.995 [pool-2-thread-2] INFO  com.intuit.karate - karate.env system property was: null 
22:29:45.995 [pool-2-thread-5] INFO  com.intuit.karate - karate.env system property was: null 
22:29:45.995 [pool-2-thread-3] INFO  com.intuit.karate - karate.env system property was: null 
22:29:46.038 [pool-2-thread-3] INFO  com.intuit.karate - [print] ####################################################################################################### 
22:29:46.038 [pool-2-thread-2] INFO  com.intuit.karate - [print] ####################################################################################################### 
22:29:46.038 [pool-2-thread-1] INFO  com.intuit.karate - [print] ===================================================================================== 
22:29:46.038 [pool-2-thread-5] INFO  com.intuit.karate - [print] ===================================================================================== 
22:29:46.038 [pool-2-thread-4] INFO  com.intuit.karate - [print] ####################################################################################################### 
22:29:46.057 [pool-2-thread-1] INFO  com.intuit.karate - [print] Your age is 39 
22:29:46.066 [pool-2-thread-1] INFO  com.intuit.karate - [print] The random value is 66 
22:29:46.067 [pool-2-thread-1] INFO  com.intuit.karate - [print] ===================================================================================== 
22:29:46.079 [pool-2-thread-1] INFO  com.intuit.karate - karate.env system property was: null 
22:29:46.086 [pool-2-thread-1] INFO  com.intuit.karate - [print] http://localhost:9897 
22:29:46.088 [pool-2-thread-1] INFO  com.intuit.karate - [print] /normal/webapi/all 
22:29:46.089 [pool-2-thread-1] INFO  com.intuit.karate - [print] get 
22:29:46.090 [pool-2-thread-1] INFO  com.intuit.karate - [print] 200 
22:29:46.099 [pool-2-thread-1] INFO  com.intuit.karate - karate.env system property was: null 
22:29:46.101 [pool-2-thread-1] INFO  com.intuit.karate - [print] http://localhost:9897 
22:29:46.103 [pool-2-thread-1] INFO  com.intuit.karate - [print] /normal/webapi/add 
22:29:46.104 [pool-2-thread-1] INFO  com.intuit.karate - [print] post 
22:29:46.105 [pool-2-thread-1] INFO  com.intuit.karate - [print] 201 
22:29:46.112 [pool-2-thread-1] INFO  com.intuit.karate - karate.env system property was: null 
22:29:46.660 [pool-3-thread-1] INFO  com.intuit.karate.Suite - <<pass>> feature 1 of 5 (4 remaining) classpath:com/api/automation/post/javaScriptExecutor.feature
22:29:46.673 [pool-2-thread-2] DEBUG com.intuit.karate - request:
1 > POST http://localhost:9897/normal/webapi/add
1 > Accept: application/json
1 > Content-Type: application/json; charset=UTF-8
1 > Content-Length: 209
1 > Host: localhost:9897
1 > Connection: Keep-Alive
1 > User-Agent: Apache-HttpClient/4.5.14 (Java/11.0.23)
1 > Accept-Encoding: gzip,deflate
{"jobId":2,"jobTitle":"SDET","jobDescription":"To develop andriod application","experience":["Google","Apple","Mobile Iron"],"project":[{"projectName":"Movie App","technology":["Kotlin","SQL Lite","Gradle"]}]}

22:29:46.673 [pool-2-thread-4] DEBUG com.intuit.karate - request:
1 > POST http://localhost:9897/normal/webapi/add
1 > Accept: application/json
1 > Content-Type: application/json; charset=UTF-8
1 > Content-Length: 212
1 > Host: localhost:9897
1 > Connection: Keep-Alive
1 > User-Agent: Apache-HttpClient/4.5.14 (Java/11.0.23)
1 > Accept-Encoding: gzip,deflate
{"jobId":18,"jobTitle":"Doctor","jobDescription":"To develop andriod application","experience":["Google","Apple","Mobile Iron"],"project":[{"projectName":"Movie App","technology":["Kotlin","SQL Lite","Gradle"]}]}

22:29:46.673 [pool-2-thread-3] DEBUG com.intuit.karate - request:
1 > POST http://localhost:9897/normal/webapi/add
1 > Accept: application/json
1 > Content-Type: application/json; charset=UTF-8
1 > Content-Length: 199
1 > Host: localhost:9897
1 > Connection: Keep-Alive
1 > User-Agent: Apache-HttpClient/4.5.14 (Java/11.0.23)
1 > Accept-Encoding: gzip,deflate
{"jobId":3,"jobTitle":"QA","jobDescription":"To test andriod application","experience":["Selenium","Java","Cucumber"],"project":[{"projectName":"BBVA","technology":["Automation","Manual","Hybrid"]}]}

22:29:46.673 [pool-2-thread-5] DEBUG com.intuit.karate - request:
1 > POST http://localhost:9897/normal/webapi/add
1 > Accept: application/json
1 > Content-Type: application/json; charset=UTF-8
1 > Content-Length: 199
1 > Host: localhost:9897
1 > Connection: Keep-Alive
1 > User-Agent: Apache-HttpClient/4.5.14 (Java/11.0.23)
1 > Accept-Encoding: gzip,deflate
{"jobId":3,"jobTitle":"QA","jobDescription":"To test andriod application","experience":["Selenium","Java","Cucumber"],"project":[{"projectName":"BBVA","technology":["Automation","Manual","Hybrid"]}]}

22:29:46.674 [pool-2-thread-1] DEBUG com.intuit.karate - request:
1 > POST http://localhost:9897/normal/webapi/add
1 > Accept: application/json
1 > Content-Type: application/json; charset=UTF-8
1 > Content-Length: 197
1 > Host: localhost:9897
1 > Connection: Keep-Alive
1 > User-Agent: Apache-HttpClient/4.5.14 (Java/11.0.23)
1 > Accept-Encoding: gzip,deflate
{"jobId":"9897","jobTitle":"PO","jobDescription":"To do something","experience":["Google","Apple","Mobile Iron"],"project":[{"projectName":"Movie App","technology":["Kotlin","SQL Lite","Gradle"]}]}

22:29:46.707 [pool-2-thread-1] DEBUG com.intuit.karate - response time in milliseconds: 31
1 < 201
1 < X-Content-Type-Options: nosniff
1 < X-XSS-Protection: 1; mode=block
1 < Cache-Control: no-cache, no-store, max-age=0, must-revalidate
1 < Pragma: no-cache
1 < Expires: 0
1 < X-Frame-Options: DENY
1 < Content-Type: application/json
1 < Transfer-Encoding: chunked
1 < Date: Sun, 10 Nov 2024 03:29:46 GMT
1 < Keep-Alive: timeout=60
1 < Connection: keep-alive
{"jobId":9897,"jobTitle":"PO","jobDescription":"To do something","experience":["Google","Apple","Mobile Iron"],"project":[{"projectName":"Movie App","technology":["Kotlin","SQL Lite","Gradle"]}]}

22:29:46.707 [pool-2-thread-5] DEBUG com.intuit.karate - response time in milliseconds: 31
1 < 201
1 < X-Content-Type-Options: nosniff
1 < X-XSS-Protection: 1; mode=block
1 < Cache-Control: no-cache, no-store, max-age=0, must-revalidate
1 < Pragma: no-cache
1 < Expires: 0
1 < X-Frame-Options: DENY
1 < Content-Type: application/json
1 < Transfer-Encoding: chunked
1 < Date: Sun, 10 Nov 2024 03:29:46 GMT
1 < Keep-Alive: timeout=60
1 < Connection: keep-alive
{"jobId":3,"jobTitle":"QA","jobDescription":"To test andriod application","experience":["Selenium","Java","Cucumber"],"project":[{"projectName":"BBVA","technology":["Automation","Manual","Hybrid"]}]}

22:29:46.707 [pool-2-thread-4] DEBUG com.intuit.karate - response time in milliseconds: 31
1 < 201
1 < X-Content-Type-Options: nosniff
1 < X-XSS-Protection: 1; mode=block
1 < Cache-Control: no-cache, no-store, max-age=0, must-revalidate
1 < Pragma: no-cache
1 < Expires: 0
1 < X-Frame-Options: DENY
1 < Content-Type: application/json
1 < Transfer-Encoding: chunked
1 < Date: Sun, 10 Nov 2024 03:29:46 GMT
1 < Keep-Alive: timeout=60
1 < Connection: keep-alive
{"jobId":18,"jobTitle":"Doctor","jobDescription":"To develop andriod application","experience":["Google","Apple","Mobile Iron"],"project":[{"projectName":"Movie App","technology":["Kotlin","SQL Lite","Gradle"]}]}

22:29:46.707 [pool-2-thread-2] DEBUG com.intuit.karate - response time in milliseconds: 31
1 < 201
1 < X-Content-Type-Options: nosniff
1 < X-XSS-Protection: 1; mode=block
1 < Cache-Control: no-cache, no-store, max-age=0, must-revalidate
1 < Pragma: no-cache
1 < Expires: 0
1 < X-Frame-Options: DENY
1 < Content-Type: application/json
1 < Transfer-Encoding: chunked
1 < Date: Sun, 10 Nov 2024 03:29:46 GMT
1 < Keep-Alive: timeout=60
1 < Connection: keep-alive
{"jobId":2,"jobTitle":"SDET","jobDescription":"To develop andriod application","experience":["Google","Apple","Mobile Iron"],"project":[{"projectName":"Movie App","technology":["Kotlin","SQL Lite","Gradle"]}]}

22:29:46.707 [pool-2-thread-3] DEBUG com.intuit.karate - response time in milliseconds: 31
1 < 201
1 < X-Content-Type-Options: nosniff
1 < X-XSS-Protection: 1; mode=block
1 < Cache-Control: no-cache, no-store, max-age=0, must-revalidate
1 < Pragma: no-cache
1 < Expires: 0
1 < X-Frame-Options: DENY
1 < Content-Type: application/json
1 < Transfer-Encoding: chunked
1 < Date: Sun, 10 Nov 2024 03:29:46 GMT
1 < Keep-Alive: timeout=60
1 < Connection: keep-alive
{"jobId":3,"jobTitle":"QA","jobDescription":"To test andriod application","experience":["Selenium","Java","Cucumber"],"project":[{"projectName":"BBVA","technology":["Automation","Manual","Hybrid"]}]}

22:29:46.711 [pool-2-thread-3] INFO  com.intuit.karate - [print] {
  "jobId": 3,
  "jobTitle": "QA",
  "jobDescription": "To test andriod application",
  "experience": [
    "Selenium",
    "Java",
    "Cucumber"
  ],
  "project": [
    {
      "projectName": "BBVA",
      "technology": [
        "Automation",
        "Manual",
        "Hybrid"
      ]
    }
  ]
}
 
22:29:46.711 [pool-2-thread-4] INFO  com.intuit.karate - [print] {
  "jobId": 18,
  "jobTitle": "Doctor",
  "jobDescription": "To develop andriod application",
  "experience": [
    "Google",
    "Apple",
    "Mobile Iron"
  ],
  "project": [
    {
      "projectName": "Movie App",
      "technology": [
        "Kotlin",
        "SQL Lite",
        "Gradle"
      ]
    }
  ]
}
 
22:29:46.712 [pool-2-thread-2] INFO  com.intuit.karate - [print] {
  "jobId": 2,
  "jobTitle": "SDET",
  "jobDescription": "To develop andriod application",
  "experience": [
    "Google",
    "Apple",
    "Mobile Iron"
  ],
  "project": [
    {
      "projectName": "Movie App",
      "technology": [
        "Kotlin",
        "SQL Lite",
        "Gradle"
      ]
    }
  ]
}
 
22:29:46.720 [pool-2-thread-1] INFO  com.intuit.karate - karate.env system property was: null 
22:29:46.723 [pool-2-thread-1] DEBUG com.intuit.karate - request:
1 > POST http://localhost:9897/normal/webapi/add
1 > Accept: application/json
1 > Content-Type: application/json; charset=UTF-8
1 > Content-Length: 195
1 > Host: localhost:9897
1 > Connection: Keep-Alive
1 > User-Agent: Apache-HttpClient/4.5.14 (Java/11.0.23)
1 > Accept-Encoding: gzip,deflate
{"jobId":"id","jobTitle":"BA","jobDescription":"To do something","experience":["Google","Apple","Mobile Iron"],"project":[{"projectName":"Movie App","technology":["Kotlin","SQL Lite","Gradle"]}]}

22:29:46.724 [pool-2-thread-2] INFO  com.intuit.karate - [print] ####################################################################################################### 
22:29:46.724 [pool-2-thread-4] INFO  com.intuit.karate - [print] ####################################################################################################### 
22:29:46.724 [pool-2-thread-3] INFO  com.intuit.karate - [print] ####################################################################################################### 
22:29:46.730 [pool-2-thread-2] INFO  com.intuit.karate - karate.env system property was: null 
22:29:46.730 [pool-2-thread-3] INFO  com.intuit.karate - karate.env system property was: null 
22:29:46.732 [pool-2-thread-1] DEBUG com.intuit.karate - response time in milliseconds: 9
1 < 400
1 < X-Content-Type-Options: nosniff
1 < X-XSS-Protection: 1; mode=block
1 < Cache-Control: no-cache, no-store, max-age=0, must-revalidate
1 < Pragma: no-cache
1 < Expires: 0
1 < X-Frame-Options: DENY
1 < Content-Type: application/json
1 < Transfer-Encoding: chunked
1 < Date: Sun, 10 Nov 2024 03:29:46 GMT
1 < Connection: close
{"timestamp":"2024-11-10T03:29:46.729+0000","status":400,"error":"Bad Request","message":"JSON parse error: Cannot deserialize value of type `int` from String \"id\": not a valid Integer value; nested exception is com.fasterxml.jackson.databind.exc.InvalidFormatException: Cannot deserialize value of type `int` from String \"id\": not a valid Integer value\n at [Source: (PushbackInputStream); line: 1, column: 10] (through reference chain: com.lab.jobportal.model.Job[\"jobId\"])","path":"/normal/webapi/add"}

22:29:46.733 [pool-2-thread-5] INFO  com.intuit.karate - karate.env system property was: null 
22:29:46.734 [pool-2-thread-4] INFO  com.intuit.karate - karate.env system property was: null 
22:29:46.736 [pool-2-thread-2] DEBUG com.intuit.karate - request:
1 > POST http://localhost:9897/normal/webapi/add
1 > Accept: application/json
1 > Content-Type: application/json; charset=UTF-8
1 > Content-Length: 198
1 > Host: localhost:9897
1 > Connection: Keep-Alive
1 > User-Agent: Apache-HttpClient/4.5.14 (Java/11.0.23)
1 > Accept-Encoding: gzip,deflate
{"jobId":"false","jobTitle":"QA","jobDescription":"To do something","experience":["Google","Apple","Mobile Iron"],"project":[{"projectName":"Movie App","technology":["Kotlin","SQL Lite","Gradle"]}]}

22:29:46.738 [pool-2-thread-5] DEBUG com.intuit.karate - request:
1 > POST http://localhost:9897/normal/webapi/add
1 > Accept: application/json
1 > Content-Type: application/json; charset=UTF-8
1 > Content-Length: 187
1 > Host: localhost:9897
1 > Connection: Keep-Alive
1 > User-Agent: Apache-HttpClient/4.5.14 (Java/11.0.23)
1 > Accept-Encoding: gzip,deflate
{"jobId":"FALSE","jobTitle":"QA","jobDescription":"Test","experience":["Google","Apple","Mobile Iron"],"project":[{"projectName":"Movie App","technology":["Kotlin","SQL Lite","Gradle"]}]}

22:29:46.738 [pool-2-thread-3] DEBUG com.intuit.karate - request:
1 > POST http://localhost:9897/normal/webapi/add
1 > Accept: application/json
1 > Content-Type: application/json; charset=UTF-8
1 > Content-Length: 190
1 > Host: localhost:9897
1 > Connection: Keep-Alive
1 > User-Agent: Apache-HttpClient/4.5.14 (Java/11.0.23)
1 > Accept-Encoding: gzip,deflate
{"jobId":"FALSE","jobTitle":"BA","jobDescription":"Analyze","experience":["Google","Apple","Mobile Iron"],"project":[{"projectName":"Movie App","technology":["Kotlin","SQL Lite","Gradle"]}]}

22:29:46.738 [pool-2-thread-1] INFO  com.intuit.karate - karate.env system property was: null 
22:29:46.740 [pool-2-thread-1] INFO  com.intuit.karate - [print] ===================================================================================== 
22:29:46.740 [pool-2-thread-4] DEBUG com.intuit.karate - request:
1 > POST http://localhost:9897/normal/webapi/add
1 > Accept: application/json
1 > Content-Type: application/json; charset=UTF-8
1 > Content-Length: 187
1 > Host: localhost:9897
1 > Connection: Keep-Alive
1 > User-Agent: Apache-HttpClient/4.5.14 (Java/11.0.23)
1 > Accept-Encoding: gzip,deflate
{"jobId":"9898","jobTitle":"PO","jobDescription":"Owner","experience":["Google","Apple","Mobile Iron"],"project":[{"projectName":"Movie App","technology":["Kotlin","SQL Lite","Gradle"]}]}

22:29:46.746 [pool-2-thread-5] DEBUG com.intuit.karate - response time in milliseconds: 8
1 < 400
1 < X-Content-Type-Options: nosniff
1 < X-XSS-Protection: 1; mode=block
1 < Cache-Control: no-cache, no-store, max-age=0, must-revalidate
1 < Pragma: no-cache
1 < Expires: 0
1 < X-Frame-Options: DENY
1 < Content-Type: application/json
1 < Transfer-Encoding: chunked
1 < Date: Sun, 10 Nov 2024 03:29:46 GMT
1 < Connection: close
{"timestamp":"2024-11-10T03:29:46.745+0000","status":400,"error":"Bad Request","message":"JSON parse error: Cannot deserialize value of type `int` from String \"FALSE\": not a valid Integer value; nested exception is com.fasterxml.jackson.databind.exc.InvalidFormatException: Cannot deserialize value of type `int` from String \"FALSE\": not a valid Integer value\n at [Source: (PushbackInputStream); line: 1, column: 10] (through reference chain: com.lab.jobportal.model.Job[\"jobId\"])","path":"/normal/webapi/add"}

22:29:46.746 [pool-2-thread-3] DEBUG com.intuit.karate - response time in milliseconds: 8
1 < 400
1 < X-Content-Type-Options: nosniff
1 < X-XSS-Protection: 1; mode=block
1 < Cache-Control: no-cache, no-store, max-age=0, must-revalidate
1 < Pragma: no-cache
1 < Expires: 0
1 < X-Frame-Options: DENY
1 < Content-Type: application/json
1 < Transfer-Encoding: chunked
1 < Date: Sun, 10 Nov 2024 03:29:46 GMT
1 < Connection: close
{"timestamp":"2024-11-10T03:29:46.745+0000","status":400,"error":"Bad Request","message":"JSON parse error: Cannot deserialize value of type `int` from String \"FALSE\": not a valid Integer value; nested exception is com.fasterxml.jackson.databind.exc.InvalidFormatException: Cannot deserialize value of type `int` from String \"FALSE\": not a valid Integer value\n at [Source: (PushbackInputStream); line: 1, column: 10] (through reference chain: com.lab.jobportal.model.Job[\"jobId\"])","path":"/normal/webapi/add"}

22:29:46.747 [pool-2-thread-2] DEBUG com.intuit.karate - response time in milliseconds: 11
1 < 400
1 < X-Content-Type-Options: nosniff
1 < X-XSS-Protection: 1; mode=block
1 < Cache-Control: no-cache, no-store, max-age=0, must-revalidate
1 < Pragma: no-cache
1 < Expires: 0
1 < X-Frame-Options: DENY
1 < Content-Type: application/json
1 < Transfer-Encoding: chunked
1 < Date: Sun, 10 Nov 2024 03:29:46 GMT
1 < Connection: close
{"timestamp":"2024-11-10T03:29:46.745+0000","status":400,"error":"Bad Request","message":"JSON parse error: Cannot deserialize value of type `int` from String \"false\": not a valid Integer value; nested exception is com.fasterxml.jackson.databind.exc.InvalidFormatException: Cannot deserialize value of type `int` from String \"false\": not a valid Integer value\n at [Source: (PushbackInputStream); line: 1, column: 10] (through reference chain: com.lab.jobportal.model.Job[\"jobId\"])","path":"/normal/webapi/add"}

22:29:46.748 [pool-2-thread-4] DEBUG com.intuit.karate - response time in milliseconds: 8
1 < 201
1 < X-Content-Type-Options: nosniff
1 < X-XSS-Protection: 1; mode=block
1 < Cache-Control: no-cache, no-store, max-age=0, must-revalidate
1 < Pragma: no-cache
1 < Expires: 0
1 < X-Frame-Options: DENY
1 < Content-Type: application/json
1 < Transfer-Encoding: chunked
1 < Date: Sun, 10 Nov 2024 03:29:46 GMT
1 < Keep-Alive: timeout=60
1 < Connection: keep-alive
{"jobId":9898,"jobTitle":"PO","jobDescription":"Owner","experience":["Google","Apple","Mobile Iron"],"project":[{"projectName":"Movie App","technology":["Kotlin","SQL Lite","Gradle"]}]}

22:29:46.753 [pool-2-thread-5] INFO  com.intuit.karate - karate.env system property was: null 
22:29:46.754 [pool-2-thread-5] INFO  com.intuit.karate - [print] ===================================================================================== 
22:29:46.829 [pool-2-thread-5] DEBUG com.intuit.karate - request:
1 > POST http://localhost:9897/normal/webapi/upload
1 > Content-Type: multipart/form-data; boundary=6f6291330d16a8cc
1 > Content-Length: 486
1 > Host: localhost:9897
1 > Connection: Keep-Alive
1 > User-Agent: Apache-HttpClient/4.5.14 (Java/11.0.23)
1 > Accept-Encoding: gzip,deflate

Mixed: content-disposition: form-data; name="file"; filename="jobEntry.json"
content-type: application/json; charset=UTF-8
content-length: 301
Completed: true
IsInMemory: true


22:29:46.829 [pool-2-thread-1] DEBUG com.intuit.karate - request:
1 > POST http://localhost:9897/normal/webapi/upload
1 > Content-Type: multipart/form-data; boundary=3bd81e41f4383e8
1 > Content-Length: 483
1 > Host: localhost:9897
1 > Connection: Keep-Alive
1 > User-Agent: Apache-HttpClient/4.5.14 (Java/11.0.23)
1 > Accept-Encoding: gzip,deflate

Mixed: content-disposition: form-data; name="file"; filename="fileToUpload.txt"
content-type: text/plain; charset=UTF-8
content-length: 303
Completed: true
IsInMemory: true


22:29:46.842 [pool-2-thread-1] DEBUG com.intuit.karate - response time in milliseconds: 12
1 < 200
1 < X-Content-Type-Options: nosniff
1 < X-XSS-Protection: 1; mode=block
1 < Cache-Control: no-cache, no-store, max-age=0, must-revalidate
1 < Pragma: no-cache
1 < Expires: 0
1 < X-Frame-Options: DENY
1 < Content-Type: application/json
1 < Transfer-Encoding: chunked
1 < Date: Sun, 10 Nov 2024 03:29:46 GMT
1 < Keep-Alive: timeout=60
1 < Connection: keep-alive
{"message":"File fileToUpload.txt uploaded at C:\\Users\\MUSTAF~1.KOK\\AppData\\Local\\Temp\\\\"}

22:29:46.842 [pool-2-thread-5] DEBUG com.intuit.karate - response time in milliseconds: 13
1 < 200
1 < X-Content-Type-Options: nosniff
1 < X-XSS-Protection: 1; mode=block
1 < Cache-Control: no-cache, no-store, max-age=0, must-revalidate
1 < Pragma: no-cache
1 < Expires: 0
1 < X-Frame-Options: DENY
1 < Content-Type: application/json
1 < Transfer-Encoding: chunked
1 < Date: Sun, 10 Nov 2024 03:29:46 GMT
1 < Keep-Alive: timeout=60
1 < Connection: keep-alive
{"message":"File jobEntry.json uploaded at C:\\Users\\MUSTAF~1.KOK\\AppData\\Local\\Temp\\\\"}

22:29:46.845 [pool-2-thread-5] INFO  com.intuit.karate - [print] {
  "message": "File jobEntry.json uploaded at C:\\Users\\MUSTAF~1.KOK\\AppData\\Local\\Temp\\\\"
}
 
22:29:46.845 [pool-2-thread-1] INFO  com.intuit.karate - [print] {
  "message": "File fileToUpload.txt uploaded at C:\\Users\\MUSTAF~1.KOK\\AppData\\Local\\Temp\\\\"
}
 
22:29:46.846 [pool-2-thread-1] INFO  com.intuit.karate - [print] ===================================================================================== 
22:29:46.847 [pool-2-thread-5] INFO  com.intuit.karate - [print] ===================================================================================== 
22:29:46.867 [pool-3-thread-1] INFO  com.intuit.karate.Suite - <<pass>> feature 2 of 5 (3 remaining) classpath:com/api/automation/post/PostRequest.feature
22:29:46.901 [pool-3-thread-1] INFO  com.intuit.karate.Suite - <<pass>> feature 3 of 5 (2 remaining) classpath:com/api/automation/post/schemaValidation.feature
22:29:46.983 [pool-3-thread-1] INFO  com.intuit.karate.Suite - <<pass>> feature 4 of 5 (1 remaining) classpath:com/api/automation/post/dataDriven/postDataDriven.feature
22:29:47.028 [pool-3-thread-1] INFO  com.intuit.karate.Suite - <<pass>> feature 5 of 5 (0 remaining) classpath:com/api/automation/post/fileUpload/fileUpload.feature
22:29:47.264 [main] WARN  n.m.cucumber.ReportBuilder - Unexpected error
net.masterthought.cucumber.ValidationException: No JSON report file was found!
	at net.masterthought.cucumber.ReportParser.parseJsonFiles(ReportParser.java:61)
	at net.masterthought.cucumber.ReportBuilder.generateReports(ReportBuilder.java:97)
	at com.api.automation.ParallelRunnerWithCucumberReport.generateCucumberReport(ParallelRunnerWithCucumberReport.java:39)
	at com.api.automation.ParallelRunnerWithCucumberReport.testParallel(ParallelRunnerWithCucumberReport.java:24)
	at java.base/jdk.internal.reflect.NativeMethodAccessorImpl.invoke0(Native Method)
	at java.base/jdk.internal.reflect.NativeMethodAccessorImpl.invoke(NativeMethodAccessorImpl.java:62)
	at java.base/jdk.internal.reflect.DelegatingMethodAccessorImpl.invoke(DelegatingMethodAccessorImpl.java:43)
	at java.base/java.lang.reflect.Method.invoke(Method.java:566)
	at org.junit.platform.commons.util.ReflectionUtils.invokeMethod(ReflectionUtils.java:727)
	at org.junit.jupiter.engine.execution.MethodInvocation.proceed(MethodInvocation.java:60)
	at org.junit.jupiter.engine.execution.InvocationInterceptorChain$ValidatingInvocation.proceed(InvocationInterceptorChain.java:131)
	at org.junit.jupiter.engine.extension.TimeoutExtension.intercept(TimeoutExtension.java:156)
	at org.junit.jupiter.engine.extension.TimeoutExtension.interceptTestableMethod(TimeoutExtension.java:147)
	at org.junit.jupiter.engine.extension.TimeoutExtension.interceptTestMethod(TimeoutExtension.java:86)
	at org.junit.jupiter.engine.execution.InterceptingExecutableInvoker$ReflectiveInterceptorCall.lambda$ofVoidMethod$0(InterceptingExecutableInvoker.java:103)
	at org.junit.jupiter.engine.execution.InterceptingExecutableInvoker.lambda$invoke$0(InterceptingExecutableInvoker.java:93)
	at org.junit.jupiter.engine.execution.InvocationInterceptorChain$InterceptedInvocation.proceed(InvocationInterceptorChain.java:106)
	at org.junit.jupiter.engine.execution.InvocationInterceptorChain.proceed(InvocationInterceptorChain.java:64)
	at org.junit.jupiter.engine.execution.InvocationInterceptorChain.chainAndInvoke(InvocationInterceptorChain.java:45)
	at org.junit.jupiter.engine.execution.InvocationInterceptorChain.invoke(InvocationInterceptorChain.java:37)
	at org.junit.jupiter.engine.execution.InterceptingExecutableInvoker.invoke(InterceptingExecutableInvoker.java:92)
	at org.junit.jupiter.engine.execution.InterceptingExecutableInvoker.invoke(InterceptingExecutableInvoker.java:86)
	at org.junit.jupiter.engine.descriptor.TestMethodTestDescriptor.lambda$invokeTestMethod$7(TestMethodTestDescriptor.java:217)
	at org.junit.platform.engine.support.hierarchical.ThrowableCollector.execute(ThrowableCollector.java:73)
	at org.junit.jupiter.engine.descriptor.TestMethodTestDescriptor.invokeTestMethod(TestMethodTestDescriptor.java:213)
	at org.junit.jupiter.engine.descriptor.TestMethodTestDescriptor.execute(TestMethodTestDescriptor.java:138)
	at org.junit.jupiter.engine.descriptor.TestMethodTestDescriptor.execute(TestMethodTestDescriptor.java:68)
	at org.junit.platform.engine.support.hierarchical.NodeTestTask.lambda$executeRecursively$6(NodeTestTask.java:151)
	at org.junit.platform.engine.support.hierarchical.ThrowableCollector.execute(ThrowableCollector.java:73)
	at org.junit.platform.engine.support.hierarchical.NodeTestTask.lambda$executeRecursively$8(NodeTestTask.java:141)
	at org.junit.platform.engine.support.hierarchical.Node.around(Node.java:137)
	at org.junit.platform.engine.support.hierarchical.NodeTestTask.lambda$executeRecursively$9(NodeTestTask.java:139)
	at org.junit.platform.engine.support.hierarchical.ThrowableCollector.execute(ThrowableCollector.java:73)
	at org.junit.platform.engine.support.hierarchical.NodeTestTask.executeRecursively(NodeTestTask.java:138)
	at org.junit.platform.engine.support.hierarchical.NodeTestTask.execute(NodeTestTask.java:95)
	at java.base/java.util.ArrayList.forEach(ArrayList.java:1541)
	at org.junit.platform.engine.support.hierarchical.SameThreadHierarchicalTestExecutorService.invokeAll(SameThreadHierarchicalTestExecutorService.java:41)
	at org.junit.platform.engine.support.hierarchical.NodeTestTask.lambda$executeRecursively$6(NodeTestTask.java:155)
	at org.junit.platform.engine.support.hierarchical.ThrowableCollector.execute(ThrowableCollector.java:73)
	at org.junit.platform.engine.support.hierarchical.NodeTestTask.lambda$executeRecursively$8(NodeTestTask.java:141)
	at org.junit.platform.engine.support.hierarchical.Node.around(Node.java:137)
	at org.junit.platform.engine.support.hierarchical.NodeTestTask.lambda$executeRecursively$9(NodeTestTask.java:139)
	at org.junit.platform.engine.support.hierarchical.ThrowableCollector.execute(ThrowableCollector.java:73)
	at org.junit.platform.engine.support.hierarchical.NodeTestTask.executeRecursively(NodeTestTask.java:138)
	at org.junit.platform.engine.support.hierarchical.NodeTestTask.execute(NodeTestTask.java:95)
	at java.base/java.util.ArrayList.forEach(ArrayList.java:1541)
	at org.junit.platform.engine.support.hierarchical.SameThreadHierarchicalTestExecutorService.invokeAll(SameThreadHierarchicalTestExecutorService.java:41)
	at org.junit.platform.engine.support.hierarchical.NodeTestTask.lambda$executeRecursively$6(NodeTestTask.java:155)
	at org.junit.platform.engine.support.hierarchical.ThrowableCollector.execute(ThrowableCollector.java:73)
	at org.junit.platform.engine.support.hierarchical.NodeTestTask.lambda$executeRecursively$8(NodeTestTask.java:141)
	at org.junit.platform.engine.support.hierarchical.Node.around(Node.java:137)
	at org.junit.platform.engine.support.hierarchical.NodeTestTask.lambda$executeRecursively$9(NodeTestTask.java:139)
	at org.junit.platform.engine.support.hierarchical.ThrowableCollector.execute(ThrowableCollector.java:73)
	at org.junit.platform.engine.support.hierarchical.NodeTestTask.executeRecursively(NodeTestTask.java:138)
	at org.junit.platform.engine.support.hierarchical.NodeTestTask.execute(NodeTestTask.java:95)
	at org.junit.platform.engine.support.hierarchical.SameThreadHierarchicalTestExecutorService.submit(SameThreadHierarchicalTestExecutorService.java:35)
	at org.junit.platform.engine.support.hierarchical.HierarchicalTestExecutor.execute(HierarchicalTestExecutor.java:57)
	at org.junit.platform.engine.support.hierarchical.HierarchicalTestEngine.execute(HierarchicalTestEngine.java:54)
	at org.junit.platform.launcher.core.EngineExecutionOrchestrator.execute(EngineExecutionOrchestrator.java:147)
	at org.junit.platform.launcher.core.EngineExecutionOrchestrator.execute(EngineExecutionOrchestrator.java:127)
	at org.junit.platform.launcher.core.EngineExecutionOrchestrator.execute(EngineExecutionOrchestrator.java:90)
	at org.junit.platform.launcher.core.EngineExecutionOrchestrator.lambda$execute$0(EngineExecutionOrchestrator.java:55)
	at org.junit.platform.launcher.core.EngineExecutionOrchestrator.withInterceptedStreams(EngineExecutionOrchestrator.java:102)
	at org.junit.platform.launcher.core.EngineExecutionOrchestrator.execute(EngineExecutionOrchestrator.java:54)
	at org.junit.platform.launcher.core.DefaultLauncher.execute(DefaultLauncher.java:114)
	at org.junit.platform.launcher.core.DefaultLauncher.execute(DefaultLauncher.java:86)
	at org.junit.platform.launcher.core.DefaultLauncherSession$DelegatingLauncher.execute(DefaultLauncherSession.java:86)
	at org.apache.maven.surefire.junitplatform.LazyLauncher.execute(LazyLauncher.java:50)
	at org.apache.maven.surefire.junitplatform.JUnitPlatformProvider.execute(JUnitPlatformProvider.java:184)
	at org.apache.maven.surefire.junitplatform.JUnitPlatformProvider.invokeAllTests(JUnitPlatformProvider.java:148)
	at org.apache.maven.surefire.junitplatform.JUnitPlatformProvider.invoke(JUnitPlatformProvider.java:122)
	at org.apache.maven.surefire.booter.ForkedBooter.runSuitesInProcess(ForkedBooter.java:385)
	at org.apache.maven.surefire.booter.ForkedBooter.execute(ForkedBooter.java:162)
	at org.apache.maven.surefire.booter.ForkedBooter.run(ForkedBooter.java:507)
	at org.apache.maven.surefire.booter.ForkedBooter.main(ForkedBooter.java:495)
22:32:15.155 [main] DEBUG com.intuit.karate.Suite - [config] classpath:karate-config.js
22:32:15.165 [main] INFO  com.intuit.karate.Suite - backed up existing 'target\karate-reports' dir to: target\karate-reports_1731209535162
22:32:15.173 [main] DEBUG com.intuit.karate.Suite - waiting for 5 features to complete
22:32:16.214 [pool-2-thread-5] INFO  com.intuit.karate - karate.env system property was: null 
22:32:16.214 [pool-2-thread-4] INFO  com.intuit.karate - karate.env system property was: null 
22:32:16.214 [pool-2-thread-1] INFO  com.intuit.karate - karate.env system property was: null 
22:32:16.214 [pool-2-thread-2] INFO  com.intuit.karate - karate.env system property was: null 
22:32:16.214 [pool-2-thread-3] INFO  com.intuit.karate - karate.env system property was: null 
22:32:16.255 [pool-2-thread-4] INFO  com.intuit.karate - [print] ####################################################################################################### 
22:32:16.255 [pool-2-thread-3] INFO  com.intuit.karate - [print] ####################################################################################################### 
22:32:16.255 [pool-2-thread-2] INFO  com.intuit.karate - [print] ####################################################################################################### 
22:32:16.255 [pool-2-thread-1] INFO  com.intuit.karate - [print] ===================================================================================== 
22:32:16.255 [pool-2-thread-5] INFO  com.intuit.karate - [print] ===================================================================================== 
22:32:16.266 [pool-2-thread-1] INFO  com.intuit.karate - [print] Your age is 39 
22:32:16.275 [pool-2-thread-1] INFO  com.intuit.karate - [print] The random value is 76 
22:32:16.276 [pool-2-thread-1] INFO  com.intuit.karate - [print] ===================================================================================== 
22:32:16.286 [pool-2-thread-1] INFO  com.intuit.karate - karate.env system property was: null 
22:32:16.289 [pool-2-thread-1] INFO  com.intuit.karate - [print] http://localhost:9897 
22:32:16.290 [pool-2-thread-1] INFO  com.intuit.karate - [print] /normal/webapi/all 
22:32:16.291 [pool-2-thread-1] INFO  com.intuit.karate - [print] get 
22:32:16.292 [pool-2-thread-1] INFO  com.intuit.karate - [print] 200 
22:32:16.299 [pool-2-thread-1] INFO  com.intuit.karate - karate.env system property was: null 
22:32:16.301 [pool-2-thread-1] INFO  com.intuit.karate - [print] http://localhost:9897 
22:32:16.302 [pool-2-thread-1] INFO  com.intuit.karate - [print] /normal/webapi/add 
22:32:16.303 [pool-2-thread-1] INFO  com.intuit.karate - [print] post 
22:32:16.304 [pool-2-thread-1] INFO  com.intuit.karate - [print] 201 
22:32:16.309 [pool-2-thread-1] INFO  com.intuit.karate - karate.env system property was: null 
22:32:16.835 [pool-3-thread-1] INFO  com.intuit.karate.Suite - <<pass>> feature 1 of 5 (4 remaining) classpath:com/api/automation/post/javaScriptExecutor.feature
22:32:16.919 [pool-2-thread-2] DEBUG com.intuit.karate - request:
1 > POST http://localhost:9897/normal/webapi/add
1 > Accept: application/json
1 > Content-Type: application/json; charset=UTF-8
1 > Content-Length: 209
1 > Host: localhost:9897
1 > Connection: Keep-Alive
1 > User-Agent: Apache-HttpClient/4.5.14 (Java/11.0.23)
1 > Accept-Encoding: gzip,deflate
{"jobId":2,"jobTitle":"SDET","jobDescription":"To develop andriod application","experience":["Google","Apple","Mobile Iron"],"project":[{"projectName":"Movie App","technology":["Kotlin","SQL Lite","Gradle"]}]}

22:32:16.919 [pool-2-thread-5] DEBUG com.intuit.karate - request:
1 > POST http://localhost:9897/normal/webapi/add
1 > Accept: application/json
1 > Content-Type: application/json; charset=UTF-8
1 > Content-Length: 199
1 > Host: localhost:9897
1 > Connection: Keep-Alive
1 > User-Agent: Apache-HttpClient/4.5.14 (Java/11.0.23)
1 > Accept-Encoding: gzip,deflate
{"jobId":3,"jobTitle":"QA","jobDescription":"To test andriod application","experience":["Selenium","Java","Cucumber"],"project":[{"projectName":"BBVA","technology":["Automation","Manual","Hybrid"]}]}

22:32:16.919 [pool-2-thread-4] DEBUG com.intuit.karate - request:
1 > POST http://localhost:9897/normal/webapi/add
1 > Accept: application/json
1 > Content-Type: application/json; charset=UTF-8
1 > Content-Length: 212
1 > Host: localhost:9897
1 > Connection: Keep-Alive
1 > User-Agent: Apache-HttpClient/4.5.14 (Java/11.0.23)
1 > Accept-Encoding: gzip,deflate
{"jobId":18,"jobTitle":"Doctor","jobDescription":"To develop andriod application","experience":["Google","Apple","Mobile Iron"],"project":[{"projectName":"Movie App","technology":["Kotlin","SQL Lite","Gradle"]}]}

22:32:16.919 [pool-2-thread-1] DEBUG com.intuit.karate - request:
1 > POST http://localhost:9897/normal/webapi/add
1 > Accept: application/json
1 > Content-Type: application/json; charset=UTF-8
1 > Content-Length: 197
1 > Host: localhost:9897
1 > Connection: Keep-Alive
1 > User-Agent: Apache-HttpClient/4.5.14 (Java/11.0.23)
1 > Accept-Encoding: gzip,deflate
{"jobId":"9897","jobTitle":"PO","jobDescription":"To do something","experience":["Google","Apple","Mobile Iron"],"project":[{"projectName":"Movie App","technology":["Kotlin","SQL Lite","Gradle"]}]}

22:32:16.919 [pool-2-thread-3] DEBUG com.intuit.karate - request:
1 > POST http://localhost:9897/normal/webapi/add
1 > Accept: application/json
1 > Content-Type: application/json; charset=UTF-8
1 > Content-Length: 199
1 > Host: localhost:9897
1 > Connection: Keep-Alive
1 > User-Agent: Apache-HttpClient/4.5.14 (Java/11.0.23)
1 > Accept-Encoding: gzip,deflate
{"jobId":3,"jobTitle":"QA","jobDescription":"To test andriod application","experience":["Selenium","Java","Cucumber"],"project":[{"projectName":"BBVA","technology":["Automation","Manual","Hybrid"]}]}

22:32:16.960 [pool-2-thread-1] DEBUG com.intuit.karate - response time in milliseconds: 37
1 < 201
1 < X-Content-Type-Options: nosniff
1 < X-XSS-Protection: 1; mode=block
1 < Cache-Control: no-cache, no-store, max-age=0, must-revalidate
1 < Pragma: no-cache
1 < Expires: 0
1 < X-Frame-Options: DENY
1 < Content-Type: application/json
1 < Transfer-Encoding: chunked
1 < Date: Sun, 10 Nov 2024 03:32:16 GMT
1 < Keep-Alive: timeout=60
1 < Connection: keep-alive
{"jobId":9897,"jobTitle":"PO","jobDescription":"To do something","experience":["Google","Apple","Mobile Iron"],"project":[{"projectName":"Movie App","technology":["Kotlin","SQL Lite","Gradle"]}]}

22:32:16.960 [pool-2-thread-5] DEBUG com.intuit.karate - response time in milliseconds: 38
1 < 201
1 < X-Content-Type-Options: nosniff
1 < X-XSS-Protection: 1; mode=block
1 < Cache-Control: no-cache, no-store, max-age=0, must-revalidate
1 < Pragma: no-cache
1 < Expires: 0
1 < X-Frame-Options: DENY
1 < Content-Type: application/json
1 < Transfer-Encoding: chunked
1 < Date: Sun, 10 Nov 2024 03:32:16 GMT
1 < Keep-Alive: timeout=60
1 < Connection: keep-alive
{"jobId":3,"jobTitle":"QA","jobDescription":"To test andriod application","experience":["Selenium","Java","Cucumber"],"project":[{"projectName":"BBVA","technology":["Automation","Manual","Hybrid"]}]}

22:32:16.960 [pool-2-thread-3] DEBUG com.intuit.karate - response time in milliseconds: 37
1 < 201
1 < X-Content-Type-Options: nosniff
1 < X-XSS-Protection: 1; mode=block
1 < Cache-Control: no-cache, no-store, max-age=0, must-revalidate
1 < Pragma: no-cache
1 < Expires: 0
1 < X-Frame-Options: DENY
1 < Content-Type: application/json
1 < Transfer-Encoding: chunked
1 < Date: Sun, 10 Nov 2024 03:32:16 GMT
1 < Keep-Alive: timeout=60
1 < Connection: keep-alive
{"jobId":3,"jobTitle":"QA","jobDescription":"To test andriod application","experience":["Selenium","Java","Cucumber"],"project":[{"projectName":"BBVA","technology":["Automation","Manual","Hybrid"]}]}

22:32:16.960 [pool-2-thread-2] DEBUG com.intuit.karate - response time in milliseconds: 38
1 < 201
1 < X-Content-Type-Options: nosniff
1 < X-XSS-Protection: 1; mode=block
1 < Cache-Control: no-cache, no-store, max-age=0, must-revalidate
1 < Pragma: no-cache
1 < Expires: 0
1 < X-Frame-Options: DENY
1 < Content-Type: application/json
1 < Transfer-Encoding: chunked
1 < Date: Sun, 10 Nov 2024 03:32:16 GMT
1 < Keep-Alive: timeout=60
1 < Connection: keep-alive
{"jobId":2,"jobTitle":"SDET","jobDescription":"To develop andriod application","experience":["Google","Apple","Mobile Iron"],"project":[{"projectName":"Movie App","technology":["Kotlin","SQL Lite","Gradle"]}]}

22:32:16.960 [pool-2-thread-4] DEBUG com.intuit.karate - response time in milliseconds: 38
1 < 201
1 < X-Content-Type-Options: nosniff
1 < X-XSS-Protection: 1; mode=block
1 < Cache-Control: no-cache, no-store, max-age=0, must-revalidate
1 < Pragma: no-cache
1 < Expires: 0
1 < X-Frame-Options: DENY
1 < Content-Type: application/json
1 < Transfer-Encoding: chunked
1 < Date: Sun, 10 Nov 2024 03:32:16 GMT
1 < Keep-Alive: timeout=60
1 < Connection: keep-alive
{"jobId":18,"jobTitle":"Doctor","jobDescription":"To develop andriod application","experience":["Google","Apple","Mobile Iron"],"project":[{"projectName":"Movie App","technology":["Kotlin","SQL Lite","Gradle"]}]}

22:32:16.967 [pool-2-thread-2] INFO  com.intuit.karate - [print] {
  "jobId": 2,
  "jobTitle": "SDET",
  "jobDescription": "To develop andriod application",
  "experience": [
    "Google",
    "Apple",
    "Mobile Iron"
  ],
  "project": [
    {
      "projectName": "Movie App",
      "technology": [
        "Kotlin",
        "SQL Lite",
        "Gradle"
      ]
    }
  ]
}
 
22:32:16.967 [pool-2-thread-4] INFO  com.intuit.karate - [print] {
  "jobId": 18,
  "jobTitle": "Doctor",
  "jobDescription": "To develop andriod application",
  "experience": [
    "Google",
    "Apple",
    "Mobile Iron"
  ],
  "project": [
    {
      "projectName": "Movie App",
      "technology": [
        "Kotlin",
        "SQL Lite",
        "Gradle"
      ]
    }
  ]
}
 
22:32:16.967 [pool-2-thread-3] INFO  com.intuit.karate - [print] {
  "jobId": 3,
  "jobTitle": "QA",
  "jobDescription": "To test andriod application",
  "experience": [
    "Selenium",
    "Java",
    "Cucumber"
  ],
  "project": [
    {
      "projectName": "BBVA",
      "technology": [
        "Automation",
        "Manual",
        "Hybrid"
      ]
    }
  ]
}
 
22:32:16.978 [pool-2-thread-1] INFO  com.intuit.karate - karate.env system property was: null 
22:32:16.983 [pool-2-thread-1] DEBUG com.intuit.karate - request:
1 > POST http://localhost:9897/normal/webapi/add
1 > Accept: application/json
1 > Content-Type: application/json; charset=UTF-8
1 > Content-Length: 195
1 > Host: localhost:9897
1 > Connection: Keep-Alive
1 > User-Agent: Apache-HttpClient/4.5.14 (Java/11.0.23)
1 > Accept-Encoding: gzip,deflate
{"jobId":"id","jobTitle":"BA","jobDescription":"To do something","experience":["Google","Apple","Mobile Iron"],"project":[{"projectName":"Movie App","technology":["Kotlin","SQL Lite","Gradle"]}]}

22:32:16.987 [pool-2-thread-2] INFO  com.intuit.karate - [print] ####################################################################################################### 
22:32:16.987 [pool-2-thread-4] INFO  com.intuit.karate - [print] ####################################################################################################### 
22:32:16.987 [pool-2-thread-3] INFO  com.intuit.karate - [print] ####################################################################################################### 
22:32:16.993 [pool-2-thread-1] DEBUG com.intuit.karate - response time in milliseconds: 10
1 < 400
1 < X-Content-Type-Options: nosniff
1 < X-XSS-Protection: 1; mode=block
1 < Cache-Control: no-cache, no-store, max-age=0, must-revalidate
1 < Pragma: no-cache
1 < Expires: 0
1 < X-Frame-Options: DENY
1 < Content-Type: application/json
1 < Transfer-Encoding: chunked
1 < Date: Sun, 10 Nov 2024 03:32:16 GMT
1 < Connection: close
{"timestamp":"2024-11-10T03:32:16.991+0000","status":400,"error":"Bad Request","message":"JSON parse error: Cannot deserialize value of type `int` from String \"id\": not a valid Integer value; nested exception is com.fasterxml.jackson.databind.exc.InvalidFormatException: Cannot deserialize value of type `int` from String \"id\": not a valid Integer value\n at [Source: (PushbackInputStream); line: 1, column: 10] (through reference chain: com.lab.jobportal.model.Job[\"jobId\"])","path":"/normal/webapi/add"}

22:32:16.995 [pool-2-thread-2] INFO  com.intuit.karate - karate.env system property was: null 
22:32:16.996 [pool-2-thread-3] INFO  com.intuit.karate - karate.env system property was: null 
22:32:16.996 [pool-2-thread-4] INFO  com.intuit.karate - karate.env system property was: null 
22:32:16.999 [pool-2-thread-5] INFO  com.intuit.karate - karate.env system property was: null 
22:32:17.001 [pool-2-thread-3] DEBUG com.intuit.karate - request:
1 > POST http://localhost:9897/normal/webapi/add
1 > Accept: application/json
1 > Content-Type: application/json; charset=UTF-8
1 > Content-Length: 190
1 > Host: localhost:9897
1 > Connection: Keep-Alive
1 > User-Agent: Apache-HttpClient/4.5.14 (Java/11.0.23)
1 > Accept-Encoding: gzip,deflate
{"jobId":"FALSE","jobTitle":"BA","jobDescription":"Analyze","experience":["Google","Apple","Mobile Iron"],"project":[{"projectName":"Movie App","technology":["Kotlin","SQL Lite","Gradle"]}]}

22:32:17.001 [pool-2-thread-2] DEBUG com.intuit.karate - request:
1 > POST http://localhost:9897/normal/webapi/add
1 > Accept: application/json
1 > Content-Type: application/json; charset=UTF-8
1 > Content-Length: 198
1 > Host: localhost:9897
1 > Connection: Keep-Alive
1 > User-Agent: Apache-HttpClient/4.5.14 (Java/11.0.23)
1 > Accept-Encoding: gzip,deflate
{"jobId":"false","jobTitle":"QA","jobDescription":"To do something","experience":["Google","Apple","Mobile Iron"],"project":[{"projectName":"Movie App","technology":["Kotlin","SQL Lite","Gradle"]}]}

22:32:17.002 [pool-2-thread-1] INFO  com.intuit.karate - karate.env system property was: null 
22:32:17.003 [pool-2-thread-4] DEBUG com.intuit.karate - request:
1 > POST http://localhost:9897/normal/webapi/add
1 > Accept: application/json
1 > Content-Type: application/json; charset=UTF-8
1 > Content-Length: 187
1 > Host: localhost:9897
1 > Connection: Keep-Alive
1 > User-Agent: Apache-HttpClient/4.5.14 (Java/11.0.23)
1 > Accept-Encoding: gzip,deflate
{"jobId":"9898","jobTitle":"PO","jobDescription":"Owner","experience":["Google","Apple","Mobile Iron"],"project":[{"projectName":"Movie App","technology":["Kotlin","SQL Lite","Gradle"]}]}

22:32:17.004 [pool-2-thread-1] INFO  com.intuit.karate - [print] ===================================================================================== 
22:32:17.005 [pool-2-thread-5] DEBUG com.intuit.karate - request:
1 > POST http://localhost:9897/normal/webapi/add
1 > Accept: application/json
1 > Content-Type: application/json; charset=UTF-8
1 > Content-Length: 187
1 > Host: localhost:9897
1 > Connection: Keep-Alive
1 > User-Agent: Apache-HttpClient/4.5.14 (Java/11.0.23)
1 > Accept-Encoding: gzip,deflate
{"jobId":"FALSE","jobTitle":"QA","jobDescription":"Test","experience":["Google","Apple","Mobile Iron"],"project":[{"projectName":"Movie App","technology":["Kotlin","SQL Lite","Gradle"]}]}

22:32:17.009 [pool-2-thread-2] DEBUG com.intuit.karate - response time in milliseconds: 8
1 < 400
1 < X-Content-Type-Options: nosniff
1 < X-XSS-Protection: 1; mode=block
1 < Cache-Control: no-cache, no-store, max-age=0, must-revalidate
1 < Pragma: no-cache
1 < Expires: 0
1 < X-Frame-Options: DENY
1 < Content-Type: application/json
1 < Transfer-Encoding: chunked
1 < Date: Sun, 10 Nov 2024 03:32:16 GMT
1 < Connection: close
{"timestamp":"2024-11-10T03:32:17.007+0000","status":400,"error":"Bad Request","message":"JSON parse error: Cannot deserialize value of type `int` from String \"false\": not a valid Integer value; nested exception is com.fasterxml.jackson.databind.exc.InvalidFormatException: Cannot deserialize value of type `int` from String \"false\": not a valid Integer value\n at [Source: (PushbackInputStream); line: 1, column: 10] (through reference chain: com.lab.jobportal.model.Job[\"jobId\"])","path":"/normal/webapi/add"}

22:32:17.009 [pool-2-thread-3] DEBUG com.intuit.karate - response time in milliseconds: 8
1 < 400
1 < X-Content-Type-Options: nosniff
1 < X-XSS-Protection: 1; mode=block
1 < Cache-Control: no-cache, no-store, max-age=0, must-revalidate
1 < Pragma: no-cache
1 < Expires: 0
1 < X-Frame-Options: DENY
1 < Content-Type: application/json
1 < Transfer-Encoding: chunked
1 < Date: Sun, 10 Nov 2024 03:32:16 GMT
1 < Connection: close
{"timestamp":"2024-11-10T03:32:17.007+0000","status":400,"error":"Bad Request","message":"JSON parse error: Cannot deserialize value of type `int` from String \"FALSE\": not a valid Integer value; nested exception is com.fasterxml.jackson.databind.exc.InvalidFormatException: Cannot deserialize value of type `int` from String \"FALSE\": not a valid Integer value\n at [Source: (PushbackInputStream); line: 1, column: 10] (through reference chain: com.lab.jobportal.model.Job[\"jobId\"])","path":"/normal/webapi/add"}

22:32:17.011 [pool-2-thread-4] DEBUG com.intuit.karate - response time in milliseconds: 8
1 < 201
1 < X-Content-Type-Options: nosniff
1 < X-XSS-Protection: 1; mode=block
1 < Cache-Control: no-cache, no-store, max-age=0, must-revalidate
1 < Pragma: no-cache
1 < Expires: 0
1 < X-Frame-Options: DENY
1 < Content-Type: application/json
1 < Transfer-Encoding: chunked
1 < Date: Sun, 10 Nov 2024 03:32:16 GMT
1 < Keep-Alive: timeout=60
1 < Connection: keep-alive
{"jobId":9898,"jobTitle":"PO","jobDescription":"Owner","experience":["Google","Apple","Mobile Iron"],"project":[{"projectName":"Movie App","technology":["Kotlin","SQL Lite","Gradle"]}]}

22:32:17.014 [pool-2-thread-5] DEBUG com.intuit.karate - response time in milliseconds: 9
1 < 400
1 < X-Content-Type-Options: nosniff
1 < X-XSS-Protection: 1; mode=block
1 < Cache-Control: no-cache, no-store, max-age=0, must-revalidate
1 < Pragma: no-cache
1 < Expires: 0
1 < X-Frame-Options: DENY
1 < Content-Type: application/json
1 < Transfer-Encoding: chunked
1 < Date: Sun, 10 Nov 2024 03:32:16 GMT
1 < Connection: close
{"timestamp":"2024-11-10T03:32:17.013+0000","status":400,"error":"Bad Request","message":"JSON parse error: Cannot deserialize value of type `int` from String \"FALSE\": not a valid Integer value; nested exception is com.fasterxml.jackson.databind.exc.InvalidFormatException: Cannot deserialize value of type `int` from String \"FALSE\": not a valid Integer value\n at [Source: (PushbackInputStream); line: 1, column: 10] (through reference chain: com.lab.jobportal.model.Job[\"jobId\"])","path":"/normal/webapi/add"}

22:32:17.016 [pool-2-thread-3] INFO  com.intuit.karate - karate.env system property was: null 
22:32:17.020 [pool-2-thread-3] INFO  com.intuit.karate - [print] ===================================================================================== 
22:32:17.106 [pool-2-thread-3] DEBUG com.intuit.karate - request:
1 > POST http://localhost:9897/normal/webapi/upload
1 > Content-Type: multipart/form-data; boundary=1562fd4b54762a80
1 > Content-Length: 486
1 > Host: localhost:9897
1 > Connection: Keep-Alive
1 > User-Agent: Apache-HttpClient/4.5.14 (Java/11.0.23)
1 > Accept-Encoding: gzip,deflate

Mixed: content-disposition: form-data; name="file"; filename="jobEntry.json"
content-type: application/json; charset=UTF-8
content-length: 301
Completed: true
IsInMemory: true


22:32:17.107 [pool-2-thread-1] DEBUG com.intuit.karate - request:
1 > POST http://localhost:9897/normal/webapi/upload
1 > Content-Type: multipart/form-data; boundary=85d030c3b8f59b7b
1 > Content-Length: 485
1 > Host: localhost:9897
1 > Connection: Keep-Alive
1 > User-Agent: Apache-HttpClient/4.5.14 (Java/11.0.23)
1 > Accept-Encoding: gzip,deflate

Mixed: content-disposition: form-data; name="file"; filename="fileToUpload.txt"
content-type: text/plain; charset=UTF-8
content-length: 303
Completed: true
IsInMemory: true


22:32:17.120 [pool-2-thread-3] DEBUG com.intuit.karate - response time in milliseconds: 14
1 < 200
1 < X-Content-Type-Options: nosniff
1 < X-XSS-Protection: 1; mode=block
1 < Cache-Control: no-cache, no-store, max-age=0, must-revalidate
1 < Pragma: no-cache
1 < Expires: 0
1 < X-Frame-Options: DENY
1 < Content-Type: application/json
1 < Transfer-Encoding: chunked
1 < Date: Sun, 10 Nov 2024 03:32:16 GMT
1 < Keep-Alive: timeout=60
1 < Connection: keep-alive
{"message":"File jobEntry.json uploaded at C:\\Users\\MUSTAF~1.KOK\\AppData\\Local\\Temp\\\\"}

22:32:17.120 [pool-2-thread-1] DEBUG com.intuit.karate - response time in milliseconds: 13
1 < 200
1 < X-Content-Type-Options: nosniff
1 < X-XSS-Protection: 1; mode=block
1 < Cache-Control: no-cache, no-store, max-age=0, must-revalidate
1 < Pragma: no-cache
1 < Expires: 0
1 < X-Frame-Options: DENY
1 < Content-Type: application/json
1 < Transfer-Encoding: chunked
1 < Date: Sun, 10 Nov 2024 03:32:16 GMT
1 < Keep-Alive: timeout=60
1 < Connection: keep-alive
{"message":"File fileToUpload.txt uploaded at C:\\Users\\MUSTAF~1.KOK\\AppData\\Local\\Temp\\\\"}

22:32:17.122 [pool-2-thread-3] INFO  com.intuit.karate - [print] {
  "message": "File jobEntry.json uploaded at C:\\Users\\MUSTAF~1.KOK\\AppData\\Local\\Temp\\\\"
}
 
22:32:17.123 [pool-2-thread-1] INFO  com.intuit.karate - [print] {
  "message": "File fileToUpload.txt uploaded at C:\\Users\\MUSTAF~1.KOK\\AppData\\Local\\Temp\\\\"
}
 
22:32:17.123 [pool-2-thread-1] INFO  com.intuit.karate - [print] ===================================================================================== 
22:32:17.123 [pool-2-thread-3] INFO  com.intuit.karate - [print] ===================================================================================== 
22:32:17.167 [pool-3-thread-1] INFO  com.intuit.karate.Suite - <<pass>> feature 2 of 5 (3 remaining) classpath:com/api/automation/post/PostRequest.feature
22:32:17.236 [pool-3-thread-1] INFO  com.intuit.karate.Suite - <<pass>> feature 3 of 5 (2 remaining) classpath:com/api/automation/post/schemaValidation.feature
22:32:17.341 [pool-3-thread-1] INFO  com.intuit.karate.Suite - <<pass>> feature 4 of 5 (1 remaining) classpath:com/api/automation/post/dataDriven/postDataDriven.feature
22:32:17.398 [pool-3-thread-1] INFO  com.intuit.karate.Suite - <<pass>> feature 5 of 5 (0 remaining) classpath:com/api/automation/post/fileUpload/fileUpload.feature
22:32:17.645 [main] WARN  n.m.cucumber.ReportBuilder - Unexpected error
net.masterthought.cucumber.ValidationException: No JSON report file was found!
	at net.masterthought.cucumber.ReportParser.parseJsonFiles(ReportParser.java:61)
	at net.masterthought.cucumber.ReportBuilder.generateReports(ReportBuilder.java:97)
	at com.api.automation.ParallelRunnerWithCucumberReport.generateCucumberReport(ParallelRunnerWithCucumberReport.java:39)
	at com.api.automation.ParallelRunnerWithCucumberReport.testParallel(ParallelRunnerWithCucumberReport.java:24)
	at java.base/jdk.internal.reflect.NativeMethodAccessorImpl.invoke0(Native Method)
	at java.base/jdk.internal.reflect.NativeMethodAccessorImpl.invoke(NativeMethodAccessorImpl.java:62)
	at java.base/jdk.internal.reflect.DelegatingMethodAccessorImpl.invoke(DelegatingMethodAccessorImpl.java:43)
	at java.base/java.lang.reflect.Method.invoke(Method.java:566)
	at org.junit.platform.commons.util.ReflectionUtils.invokeMethod(ReflectionUtils.java:727)
	at org.junit.jupiter.engine.execution.MethodInvocation.proceed(MethodInvocation.java:60)
	at org.junit.jupiter.engine.execution.InvocationInterceptorChain$ValidatingInvocation.proceed(InvocationInterceptorChain.java:131)
	at org.junit.jupiter.engine.extension.TimeoutExtension.intercept(TimeoutExtension.java:156)
	at org.junit.jupiter.engine.extension.TimeoutExtension.interceptTestableMethod(TimeoutExtension.java:147)
	at org.junit.jupiter.engine.extension.TimeoutExtension.interceptTestMethod(TimeoutExtension.java:86)
	at org.junit.jupiter.engine.execution.InterceptingExecutableInvoker$ReflectiveInterceptorCall.lambda$ofVoidMethod$0(InterceptingExecutableInvoker.java:103)
	at org.junit.jupiter.engine.execution.InterceptingExecutableInvoker.lambda$invoke$0(InterceptingExecutableInvoker.java:93)
	at org.junit.jupiter.engine.execution.InvocationInterceptorChain$InterceptedInvocation.proceed(InvocationInterceptorChain.java:106)
	at org.junit.jupiter.engine.execution.InvocationInterceptorChain.proceed(InvocationInterceptorChain.java:64)
	at org.junit.jupiter.engine.execution.InvocationInterceptorChain.chainAndInvoke(InvocationInterceptorChain.java:45)
	at org.junit.jupiter.engine.execution.InvocationInterceptorChain.invoke(InvocationInterceptorChain.java:37)
	at org.junit.jupiter.engine.execution.InterceptingExecutableInvoker.invoke(InterceptingExecutableInvoker.java:92)
	at org.junit.jupiter.engine.execution.InterceptingExecutableInvoker.invoke(InterceptingExecutableInvoker.java:86)
	at org.junit.jupiter.engine.descriptor.TestMethodTestDescriptor.lambda$invokeTestMethod$7(TestMethodTestDescriptor.java:217)
	at org.junit.platform.engine.support.hierarchical.ThrowableCollector.execute(ThrowableCollector.java:73)
	at org.junit.jupiter.engine.descriptor.TestMethodTestDescriptor.invokeTestMethod(TestMethodTestDescriptor.java:213)
	at org.junit.jupiter.engine.descriptor.TestMethodTestDescriptor.execute(TestMethodTestDescriptor.java:138)
	at org.junit.jupiter.engine.descriptor.TestMethodTestDescriptor.execute(TestMethodTestDescriptor.java:68)
	at org.junit.platform.engine.support.hierarchical.NodeTestTask.lambda$executeRecursively$6(NodeTestTask.java:151)
	at org.junit.platform.engine.support.hierarchical.ThrowableCollector.execute(ThrowableCollector.java:73)
	at org.junit.platform.engine.support.hierarchical.NodeTestTask.lambda$executeRecursively$8(NodeTestTask.java:141)
	at org.junit.platform.engine.support.hierarchical.Node.around(Node.java:137)
	at org.junit.platform.engine.support.hierarchical.NodeTestTask.lambda$executeRecursively$9(NodeTestTask.java:139)
	at org.junit.platform.engine.support.hierarchical.ThrowableCollector.execute(ThrowableCollector.java:73)
	at org.junit.platform.engine.support.hierarchical.NodeTestTask.executeRecursively(NodeTestTask.java:138)
	at org.junit.platform.engine.support.hierarchical.NodeTestTask.execute(NodeTestTask.java:95)
	at java.base/java.util.ArrayList.forEach(ArrayList.java:1541)
	at org.junit.platform.engine.support.hierarchical.SameThreadHierarchicalTestExecutorService.invokeAll(SameThreadHierarchicalTestExecutorService.java:41)
	at org.junit.platform.engine.support.hierarchical.NodeTestTask.lambda$executeRecursively$6(NodeTestTask.java:155)
	at org.junit.platform.engine.support.hierarchical.ThrowableCollector.execute(ThrowableCollector.java:73)
	at org.junit.platform.engine.support.hierarchical.NodeTestTask.lambda$executeRecursively$8(NodeTestTask.java:141)
	at org.junit.platform.engine.support.hierarchical.Node.around(Node.java:137)
	at org.junit.platform.engine.support.hierarchical.NodeTestTask.lambda$executeRecursively$9(NodeTestTask.java:139)
	at org.junit.platform.engine.support.hierarchical.ThrowableCollector.execute(ThrowableCollector.java:73)
	at org.junit.platform.engine.support.hierarchical.NodeTestTask.executeRecursively(NodeTestTask.java:138)
	at org.junit.platform.engine.support.hierarchical.NodeTestTask.execute(NodeTestTask.java:95)
	at java.base/java.util.ArrayList.forEach(ArrayList.java:1541)
	at org.junit.platform.engine.support.hierarchical.SameThreadHierarchicalTestExecutorService.invokeAll(SameThreadHierarchicalTestExecutorService.java:41)
	at org.junit.platform.engine.support.hierarchical.NodeTestTask.lambda$executeRecursively$6(NodeTestTask.java:155)
	at org.junit.platform.engine.support.hierarchical.ThrowableCollector.execute(ThrowableCollector.java:73)
	at org.junit.platform.engine.support.hierarchical.NodeTestTask.lambda$executeRecursively$8(NodeTestTask.java:141)
	at org.junit.platform.engine.support.hierarchical.Node.around(Node.java:137)
	at org.junit.platform.engine.support.hierarchical.NodeTestTask.lambda$executeRecursively$9(NodeTestTask.java:139)
	at org.junit.platform.engine.support.hierarchical.ThrowableCollector.execute(ThrowableCollector.java:73)
	at org.junit.platform.engine.support.hierarchical.NodeTestTask.executeRecursively(NodeTestTask.java:138)
	at org.junit.platform.engine.support.hierarchical.NodeTestTask.execute(NodeTestTask.java:95)
	at org.junit.platform.engine.support.hierarchical.SameThreadHierarchicalTestExecutorService.submit(SameThreadHierarchicalTestExecutorService.java:35)
	at org.junit.platform.engine.support.hierarchical.HierarchicalTestExecutor.execute(HierarchicalTestExecutor.java:57)
	at org.junit.platform.engine.support.hierarchical.HierarchicalTestEngine.execute(HierarchicalTestEngine.java:54)
	at org.junit.platform.launcher.core.EngineExecutionOrchestrator.execute(EngineExecutionOrchestrator.java:147)
	at org.junit.platform.launcher.core.EngineExecutionOrchestrator.execute(EngineExecutionOrchestrator.java:127)
	at org.junit.platform.launcher.core.EngineExecutionOrchestrator.execute(EngineExecutionOrchestrator.java:90)
	at org.junit.platform.launcher.core.EngineExecutionOrchestrator.lambda$execute$0(EngineExecutionOrchestrator.java:55)
	at org.junit.platform.launcher.core.EngineExecutionOrchestrator.withInterceptedStreams(EngineExecutionOrchestrator.java:102)
	at org.junit.platform.launcher.core.EngineExecutionOrchestrator.execute(EngineExecutionOrchestrator.java:54)
	at org.junit.platform.launcher.core.DefaultLauncher.execute(DefaultLauncher.java:114)
	at org.junit.platform.launcher.core.DefaultLauncher.execute(DefaultLauncher.java:86)
	at org.junit.platform.launcher.core.DefaultLauncherSession$DelegatingLauncher.execute(DefaultLauncherSession.java:86)
	at org.apache.maven.surefire.junitplatform.LazyLauncher.execute(LazyLauncher.java:50)
	at org.apache.maven.surefire.junitplatform.JUnitPlatformProvider.execute(JUnitPlatformProvider.java:184)
	at org.apache.maven.surefire.junitplatform.JUnitPlatformProvider.invokeAllTests(JUnitPlatformProvider.java:148)
	at org.apache.maven.surefire.junitplatform.JUnitPlatformProvider.invoke(JUnitPlatformProvider.java:122)
	at org.apache.maven.surefire.booter.ForkedBooter.runSuitesInProcess(ForkedBooter.java:385)
	at org.apache.maven.surefire.booter.ForkedBooter.execute(ForkedBooter.java:162)
	at org.apache.maven.surefire.booter.ForkedBooter.run(ForkedBooter.java:507)
	at org.apache.maven.surefire.booter.ForkedBooter.main(ForkedBooter.java:495)
